
def tmp1
def tmp2
tmp1 = $1 << 3
tmp2 = $5 >= 0
$2 = tmp1 ^ tmp2


using System.Collections.Generic;
using System;

namespace FPGAL
{
    public static unsafe class Program
    {
        public static void Process(ref int[] ports)
        {
            Dictionary<string, int> variables = new Dictionary<string, int>();
            Func<int, int, int> rol = new Func<int, int, int>((v, o) => {
                o += 32;
                o %= 32;

                return (v << o) | (v >> (32 - o));
            });
            Func<int, int, int> ror = new Func<int, int, int>((v, o) => rol(v, 32 - o));

            unchecked
            {
                variables.Add("__vartmp1", 0);
                variables.Add("__vartmp2", 0);
                variables["__vartmp1"] = (int)((int)((ulong)(ports[1] << (3)) & 0xffffffffUL));
                variables["__vartmp2"] = (int)(((ports[5] >= (0)) ? 1 : 0));
                ports[2] = (int)((variables["__vartmp1"] ^ variables["__vartmp2"]));

            }

            fixed (int* ptr = ports)
                for (int i = 0, l = ports.Length; i < l; i++)
                    ptr[i] = ptr[i] == 0 ? 0 : 1; // NORMAILZE VALUES TO [0..1]
        }
    }
}


0, 1, 0, 1, 0, 1, 0, 1
0, 1, 1, 1, 0, 1, 0, 1
